<?xml version="1.0" encoding="UTF-8"?>
<testsuite name="com.phonebook.tests.DeleteContactTest" tests="1" skipped="0" failures="0" errors="0" timestamp="2024-04-10T09:17:56" hostname="DESKTOP-QMEBHNC" time="1.53">
  <properties/>
  <testcase name="deleteContactPositiveTest" classname="com.phonebook.tests.DeleteContactTest" time="1.53"/>
  <system-out><![CDATA[]]></system-out>
  <system-err><![CDATA[]]></system-err>
</testsuite>
