<?xml version="1.0" encoding="UTF-8"?>
<testsuite name="com.phonebook.tests.HomePageTests" tests="1" skipped="0" failures="0" errors="0" timestamp="2024-04-10T09:17:26" hostname="DESKTOP-QMEBHNC" time="0.048">
  <properties/>
  <testcase name="isHomeComponentPresentTest" classname="com.phonebook.tests.HomePageTests" time="0.048"/>
  <system-out><![CDATA[Home component is true
]]></system-out>
  <system-err><![CDATA[]]></system-err>
</testsuite>
