<?xml version="1.0" encoding="UTF-8"?>
<testsuite name="com.phonebook.tests.LoginTests" tests="2" skipped="0" failures="0" errors="0" timestamp="2024-04-10T09:17:27" hostname="DESKTOP-QMEBHNC" time="3.084">
  <properties/>
  <testcase name="loginNegativTestwithoutEmail" classname="com.phonebook.tests.LoginTests" time="1.795"/>
  <testcase name="loginPositiveTest" classname="com.phonebook.tests.LoginTests" time="1.255"/>
  <system-out><![CDATA[]]></system-out>
  <system-err><![CDATA[]]></system-err>
</testsuite>
